{
  "stats": {
    "suites": 1,
    "tests": 3,
    "passes": 2,
    "pending": 0,
    "failures": 1,
    "start": "2025-03-19T14:49:01.719Z",
    "end": "2025-03-19T14:49:09.112Z",
    "duration": 7393,
    "testsRegistered": 3,
    "passPercent": 66.66666666666666,
    "pendingPercent": 0,
    "other": 0,
    "hasOther": false,
    "skipped": 0,
    "hasSkipped": false
  },
  "results": [
    {
      "uuid": "82b4cadc-336c-47c5-bc00-8c62f66175a8",
      "title": "",
      "fullFile": "cypress\\e2e\\teste_texts.cy.js",
      "file": "cypress\\e2e\\teste_texts.cy.js",
      "beforeHooks": [],
      "afterHooks": [],
      "tests": [],
      "suites": [
        {
          "uuid": "34b83b20-96e0-4941-ac50-f9c4c4e3f2ac",
          "title": "template spec",
          "fullFile": "",
          "file": "",
          "beforeHooks": [],
          "afterHooks": [],
          "tests": [
            {
              "title": "test title",
              "fullTitle": "template spec test title",
              "timedOut": null,
              "duration": 5179,
              "state": "failed",
              "speed": null,
              "pass": false,
              "fail": true,
              "pending": false,
              "context": null,
              "code": "cy.get('.header__logo').contains('AdoPet').should('be.visible');",
              "err": {
                "message": "AssertionError: Timed out retrying after 4000ms: Expected to find content: 'AdoPet' within the element: <img.header__logo> but never did.",
                "estack": "AssertionError: Timed out retrying after 4000ms: Expected to find content: 'AdoPet' within the element: <img.header__logo> but never did.\n    at Context.eval (webpack://curso_cypress/./cypress/e2e/teste_texts.cy.js:7:47)",
                "diff": null
              },
              "uuid": "7f938831-e475-41f1-b0c7-fa4a6b0f8891",
              "parentUUID": "34b83b20-96e0-4941-ac50-f9c4c4e3f2ac",
              "isHook": false,
              "skipped": false
            },
            {
              "title": "test paragraph",
              "fullTitle": "template spec test paragraph",
              "timedOut": null,
              "duration": 153,
              "state": "passed",
              "speed": "fast",
              "pass": true,
              "fail": false,
              "pending": false,
              "context": null,
              "code": "cy.contains('Quem ama adota!').should('be.visible');",
              "err": {},
              "uuid": "ea0076c3-9c74-464e-ac0c-4f596842d539",
              "parentUUID": "34b83b20-96e0-4941-ac50-f9c4c4e3f2ac",
              "isHook": false,
              "skipped": false
            },
            {
              "title": "test paragraph 2",
              "fullTitle": "template spec test paragraph 2",
              "timedOut": null,
              "duration": 140,
              "state": "passed",
              "speed": "fast",
              "pass": true,
              "fail": false,
              "pending": false,
              "context": null,
              "code": "cy.contains('Adotar pode mudar uma vida. Que tal buscar seu novo melhor amigo hoje? Vem com a gente!').should('be.visible');",
              "err": {},
              "uuid": "061df7d2-0721-4c4f-94bd-9fb0cb18235e",
              "parentUUID": "34b83b20-96e0-4941-ac50-f9c4c4e3f2ac",
              "isHook": false,
              "skipped": false
            }
          ],
          "suites": [],
          "passes": [
            "ea0076c3-9c74-464e-ac0c-4f596842d539",
            "061df7d2-0721-4c4f-94bd-9fb0cb18235e"
          ],
          "failures": [
            "7f938831-e475-41f1-b0c7-fa4a6b0f8891"
          ],
          "pending": [],
          "skipped": [],
          "duration": 5472,
          "root": false,
          "rootEmpty": false,
          "_timeout": 2000
        }
      ],
      "passes": [],
      "failures": [],
      "pending": [],
      "skipped": [],
      "duration": 0,
      "root": true,
      "rootEmpty": true,
      "_timeout": 2000
    }
  ],
  "meta": {
    "mocha": {
      "version": "7.0.1"
    },
    "mochawesome": {
      "options": {
        "quiet": false,
        "reportFilename": "mochawesome.html",
        "saveHtml": true,
        "saveJson": true,
        "consoleReporter": "spec",
        "useInlineDiffs": false,
        "code": true
      },
      "version": "7.1.3"
    },
    "marge": {
      "options": {
        "reportDir": "cypress/reports/mochawesome-report",
        "reportFilename": "mochawesome.html",
        "overwrite": false,
        "html": true,
        "jsonFile": false,
        "timestamp": "mmddyyyy_HHMMss"
      },
      "version": "6.2.0"
    }
  }
}