{
  "stats": {
    "suites": 1,
    "tests": 1,
    "passes": 1,
    "pending": 0,
    "failures": 0,
    "start": "2025-03-19T14:48:31.517Z",
    "end": "2025-03-19T14:48:35.712Z",
    "duration": 4195,
    "testsRegistered": 1,
    "passPercent": 100,
    "pendingPercent": 0,
    "other": 0,
    "hasOther": false,
    "skipped": 0,
    "hasSkipped": false
  },
  "results": [
    {
      "uuid": "869554bc-f85a-419f-bdbe-be9794e0eadc",
      "title": "",
      "fullFile": "cypress\\e2e\\teste_cadastro.cy.js",
      "file": "cypress\\e2e\\teste_cadastro.cy.js",
      "beforeHooks": [],
      "afterHooks": [],
      "tests": [],
      "suites": [
        {
          "uuid": "dfcb909d-a70f-433a-a58e-309186743772",
          "title": "template spec",
          "fullFile": "",
          "file": "",
          "beforeHooks": [],
          "afterHooks": [],
          "tests": [
            {
              "title": "passes",
              "fullTitle": "template spec passes",
              "timedOut": null,
              "duration": 2467,
              "state": "passed",
              "speed": "fast",
              "pass": true,
              "fail": false,
              "pending": false,
              "context": null,
              "code": "cy.get('[data-test=\"input-name\"]').type('Luiz');\ncy.get('[data-test=\"input-email\"]').type('luiz@example.com');\ncy.get('[data-test=\"input-password\"]').type('Teste123456');\ncy.get('[data-test=\"input-confirm-password\"]').type('Teste123456');\ncy.get('[data-test=\"submit-button\"]').click();",
              "err": {},
              "uuid": "ed40829f-e592-45a8-b19a-80fcd409f7ae",
              "parentUUID": "dfcb909d-a70f-433a-a58e-309186743772",
              "isHook": false,
              "skipped": false
            }
          ],
          "suites": [],
          "passes": [
            "ed40829f-e592-45a8-b19a-80fcd409f7ae"
          ],
          "failures": [],
          "pending": [],
          "skipped": [],
          "duration": 2467,
          "root": false,
          "rootEmpty": false,
          "_timeout": 2000
        }
      ],
      "passes": [],
      "failures": [],
      "pending": [],
      "skipped": [],
      "duration": 0,
      "root": true,
      "rootEmpty": true,
      "_timeout": 2000
    }
  ],
  "meta": {
    "mocha": {
      "version": "7.0.1"
    },
    "mochawesome": {
      "options": {
        "quiet": false,
        "reportFilename": "mochawesome.html",
        "saveHtml": true,
        "saveJson": true,
        "consoleReporter": "spec",
        "useInlineDiffs": false,
        "code": true
      },
      "version": "7.1.3"
    },
    "marge": {
      "options": {
        "reportDir": "cypress/reports/mochawesome-report",
        "reportFilename": "mochawesome.html",
        "overwrite": false,
        "html": true,
        "jsonFile": false,
        "timestamp": "mmddyyyy_HHMMss"
      },
      "version": "6.2.0"
    }
  }
}