{
  "stats": {
    "suites": 1,
    "tests": 1,
    "passes": 1,
    "pending": 0,
    "failures": 0,
    "start": "2025-03-19T14:48:06.535Z",
    "end": "2025-03-19T14:48:10.442Z",
    "duration": 3907,
    "testsRegistered": 1,
    "passPercent": 100,
    "pendingPercent": 0,
    "other": 0,
    "hasOther": false,
    "skipped": 0,
    "hasSkipped": false
  },
  "results": [
    {
      "uuid": "b8d19c35-515d-4f67-a39d-a382c2f4f7c4",
      "title": "",
      "fullFile": "cypress\\e2e\\teste-login.cy.js",
      "file": "cypress\\e2e\\teste-login.cy.js",
      "beforeHooks": [],
      "afterHooks": [],
      "tests": [],
      "suites": [
        {
          "uuid": "0df6409e-3d3c-4c2c-baf5-cb714697e2ec",
          "title": "template spec",
          "fullFile": "",
          "file": "",
          "beforeHooks": [],
          "afterHooks": [],
          "tests": [
            {
              "title": "passes",
              "fullTitle": "template spec passes",
              "timedOut": null,
              "duration": 2143,
              "state": "passed",
              "speed": "fast",
              "pass": true,
              "fail": false,
              "pending": false,
              "context": null,
              "code": "cy.get('[name=\"email\"]').type('luiz@example.com');\ncy.get('[name=\"password\"]').type('Teste123456');\ncy.get('[data-test=\"submit-button\"]').click();",
              "err": {},
              "uuid": "ada86363-61a5-4725-b265-37c49acf45c8",
              "parentUUID": "0df6409e-3d3c-4c2c-baf5-cb714697e2ec",
              "isHook": false,
              "skipped": false
            }
          ],
          "suites": [],
          "passes": [
            "ada86363-61a5-4725-b265-37c49acf45c8"
          ],
          "failures": [],
          "pending": [],
          "skipped": [],
          "duration": 2143,
          "root": false,
          "rootEmpty": false,
          "_timeout": 2000
        }
      ],
      "passes": [],
      "failures": [],
      "pending": [],
      "skipped": [],
      "duration": 0,
      "root": true,
      "rootEmpty": true,
      "_timeout": 2000
    }
  ],
  "meta": {
    "mocha": {
      "version": "7.0.1"
    },
    "mochawesome": {
      "options": {
        "quiet": false,
        "reportFilename": "mochawesome.html",
        "saveHtml": true,
        "saveJson": true,
        "consoleReporter": "spec",
        "useInlineDiffs": false,
        "code": true
      },
      "version": "7.1.3"
    },
    "marge": {
      "options": {
        "reportDir": "cypress/reports/mochawesome-report",
        "reportFilename": "mochawesome.html",
        "overwrite": false,
        "html": true,
        "jsonFile": false,
        "timestamp": "mmddyyyy_HHMMss"
      },
      "version": "6.2.0"
    }
  }
}