{
  "stats": {
    "suites": 1,
    "tests": 1,
    "passes": 0,
    "pending": 0,
    "failures": 1,
    "start": "2025-03-19T14:48:17.683Z",
    "end": "2025-03-19T14:48:24.952Z",
    "duration": 7269,
    "testsRegistered": 1,
    "passPercent": 0,
    "pendingPercent": 0,
    "other": 0,
    "hasOther": false,
    "skipped": 0,
    "hasSkipped": false
  },
  "results": [
    {
      "uuid": "14dc810f-7f71-4384-8b01-b3af5b1f4627",
      "title": "",
      "fullFile": "cypress\\e2e\\teste_botões.cy.js",
      "file": "cypress\\e2e\\teste_botões.cy.js",
      "beforeHooks": [],
      "afterHooks": [],
      "tests": [],
      "suites": [
        {
          "uuid": "a7b4e179-2bab-4d8c-93fb-89e7c3e61dbd",
          "title": "template spec",
          "fullFile": "",
          "file": "",
          "beforeHooks": [],
          "afterHooks": [],
          "tests": [
            {
              "title": "passes",
              "fullTitle": "template spec passes",
              "timedOut": null,
              "duration": 5582,
              "state": "failed",
              "speed": null,
              "pass": false,
              "fail": true,
              "pending": false,
              "context": null,
              "code": "cy.contains('a', 'Ver pets').click();\ncy.get('a[aria-label=\"Tela inicial\"]').click();\ncy.get('a[aria-label=\"Ir para Mensagens\"]').click();\ncy.get('[name=\"email\"]').type('luiz@example.com');\ncy.get('[name=\"password\"]').type('Teste123456');\ncy.contains('button', 'Entrar').click();\ncy.get('.card__contact').first().click();\n//cy.contains('a', 'Cadastrar').click();",
              "err": {
                "message": "AssertionError: Timed out retrying after 4000ms: Expected to find content: 'Ver pets' within the selector: 'a' but never did.",
                "estack": "AssertionError: Timed out retrying after 4000ms: Expected to find content: 'Ver pets' within the selector: 'a' but never did.\n    at Context.eval (webpack://curso_cypress/./cypress/e2e/teste_botões.cy.js:8:7)",
                "diff": null
              },
              "uuid": "f9b569b4-46cc-4d4b-afd9-9859de804057",
              "parentUUID": "a7b4e179-2bab-4d8c-93fb-89e7c3e61dbd",
              "isHook": false,
              "skipped": false
            }
          ],
          "suites": [],
          "passes": [],
          "failures": [
            "f9b569b4-46cc-4d4b-afd9-9859de804057"
          ],
          "pending": [],
          "skipped": [],
          "duration": 5582,
          "root": false,
          "rootEmpty": false,
          "_timeout": 2000
        }
      ],
      "passes": [],
      "failures": [],
      "pending": [],
      "skipped": [],
      "duration": 0,
      "root": true,
      "rootEmpty": true,
      "_timeout": 2000
    }
  ],
  "meta": {
    "mocha": {
      "version": "7.0.1"
    },
    "mochawesome": {
      "options": {
        "quiet": false,
        "reportFilename": "mochawesome.html",
        "saveHtml": true,
        "saveJson": true,
        "consoleReporter": "spec",
        "useInlineDiffs": false,
        "code": true
      },
      "version": "7.1.3"
    },
    "marge": {
      "options": {
        "reportDir": "cypress/reports/mochawesome-report",
        "reportFilename": "mochawesome.html",
        "overwrite": false,
        "html": true,
        "jsonFile": false,
        "timestamp": "mmddyyyy_HHMMss"
      },
      "version": "6.2.0"
    }
  }
}