{
  "stats": {
    "suites": 1,
    "tests": 1,
    "passes": 1,
    "pending": 0,
    "failures": 0,
    "start": "2025-03-18T14:06:38.209Z",
    "end": "2025-03-18T14:06:41.910Z",
    "duration": 3701,
    "testsRegistered": 1,
    "passPercent": 100,
    "pendingPercent": 0,
    "other": 0,
    "hasOther": false,
    "skipped": 0,
    "hasSkipped": false
  },
  "results": [
    {
      "uuid": "61522306-b62f-4a3a-814f-2ff3937bc6aa",
      "title": "",
      "fullFile": "cypress\\e2e\\teste_cafastro_sem_nome.cy.js",
      "file": "cypress\\e2e\\teste_cafastro_sem_nome.cy.js",
      "beforeHooks": [],
      "afterHooks": [],
      "tests": [],
      "suites": [
        {
          "uuid": "53c42a21-eb73-445d-8378-5d621bc4c6c1",
          "title": "template spec",
          "fullFile": "",
          "file": "",
          "beforeHooks": [],
          "afterHooks": [],
          "tests": [
            {
              "title": "passes",
              "fullTitle": "template spec passes",
              "timedOut": null,
              "duration": 2314,
              "state": "passed",
              "speed": "fast",
              "pass": true,
              "fail": false,
              "pending": false,
              "context": null,
              "code": "cy.get('[data-test=\"input-email\"]').type('luiz@example.com');\ncy.get('[data-test=\"input-password\"]').type('Teste123456');\ncy.get('[data-test=\"input-confirm-password\"]').type('Teste123456');\ncy.get('[data-test=\"submit-button\"]').click();",
              "err": {},
              "uuid": "51ce81f5-1c99-49db-abaa-e2f854f31ab9",
              "parentUUID": "53c42a21-eb73-445d-8378-5d621bc4c6c1",
              "isHook": false,
              "skipped": false
            }
          ],
          "suites": [],
          "passes": [
            "51ce81f5-1c99-49db-abaa-e2f854f31ab9"
          ],
          "failures": [],
          "pending": [],
          "skipped": [],
          "duration": 2314,
          "root": false,
          "rootEmpty": false,
          "_timeout": 2000
        }
      ],
      "passes": [],
      "failures": [],
      "pending": [],
      "skipped": [],
      "duration": 0,
      "root": true,
      "rootEmpty": true,
      "_timeout": 2000
    }
  ],
  "meta": {
    "mocha": {
      "version": "7.0.1"
    },
    "mochawesome": {
      "options": {
        "quiet": false,
        "reportFilename": "mochawesome.html",
        "saveHtml": true,
        "saveJson": true,
        "consoleReporter": "spec",
        "useInlineDiffs": false,
        "code": true
      },
      "version": "7.1.3"
    },
    "marge": {
      "options": {
        "reportDir": "cypress/reports/mochawesome-report",
        "reportFilename": "mochawesome.html",
        "overwrite": false,
        "html": true,
        "jsonFile": false,
        "timestamp": "mmddyyyy_HHMMss"
      },
      "version": "6.2.0"
    }
  }
}