{
  "stats": {
    "suites": 1,
    "tests": 3,
    "passes": 2,
    "pending": 0,
    "failures": 1,
    "start": "2025-03-18T14:06:44.549Z",
    "end": "2025-03-18T14:06:51.278Z",
    "duration": 6729,
    "testsRegistered": 3,
    "passPercent": 66.66666666666666,
    "pendingPercent": 0,
    "other": 0,
    "hasOther": false,
    "skipped": 0,
    "hasSkipped": false
  },
  "results": [
    {
      "uuid": "4b383074-e156-4b09-b9c2-d61f01ef5fd2",
      "title": "",
      "fullFile": "cypress\\e2e\\teste_texts.cy.js",
      "file": "cypress\\e2e\\teste_texts.cy.js",
      "beforeHooks": [],
      "afterHooks": [],
      "tests": [],
      "suites": [
        {
          "uuid": "fd2a0099-68b2-47b3-b506-43eda43d0db8",
          "title": "template spec",
          "fullFile": "",
          "file": "",
          "beforeHooks": [],
          "afterHooks": [],
          "tests": [
            {
              "title": "test title",
              "fullTitle": "template spec test title",
              "timedOut": null,
              "duration": 4672,
              "state": "failed",
              "speed": null,
              "pass": false,
              "fail": true,
              "pending": false,
              "context": null,
              "code": "cy.get('.header__logo').contains('AdoPet').should('be.visible');",
              "err": {
                "message": "AssertionError: Timed out retrying after 4000ms: Expected to find content: 'AdoPet' within the element: <img.header__logo> but never did.",
                "estack": "AssertionError: Timed out retrying after 4000ms: Expected to find content: 'AdoPet' within the element: <img.header__logo> but never did.\n    at Context.eval (webpack://curso_cypress/./cypress/e2e/teste_texts.cy.js:7:47)",
                "diff": null
              },
              "uuid": "02240e66-0a8a-4861-b065-273fc96cd695",
              "parentUUID": "fd2a0099-68b2-47b3-b506-43eda43d0db8",
              "isHook": false,
              "skipped": false
            },
            {
              "title": "test paragraph",
              "fullTitle": "template spec test paragraph",
              "timedOut": null,
              "duration": 149,
              "state": "passed",
              "speed": "fast",
              "pass": true,
              "fail": false,
              "pending": false,
              "context": null,
              "code": "cy.contains('Quem ama adota!').should('be.visible');",
              "err": {},
              "uuid": "ac6f0afd-8977-4bf4-97ba-2fb6a912003d",
              "parentUUID": "fd2a0099-68b2-47b3-b506-43eda43d0db8",
              "isHook": false,
              "skipped": false
            },
            {
              "title": "test paragraph 2",
              "fullTitle": "template spec test paragraph 2",
              "timedOut": null,
              "duration": 478,
              "state": "passed",
              "speed": "fast",
              "pass": true,
              "fail": false,
              "pending": false,
              "context": null,
              "code": "cy.contains('Adotar pode mudar uma vida. Que tal buscar seu novo melhor amigo hoje? Vem com a gente!').should('be.visible');",
              "err": {},
              "uuid": "b8341877-0c6e-417f-8e8f-628ee60d7ccf",
              "parentUUID": "fd2a0099-68b2-47b3-b506-43eda43d0db8",
              "isHook": false,
              "skipped": false
            }
          ],
          "suites": [],
          "passes": [
            "ac6f0afd-8977-4bf4-97ba-2fb6a912003d",
            "b8341877-0c6e-417f-8e8f-628ee60d7ccf"
          ],
          "failures": [
            "02240e66-0a8a-4861-b065-273fc96cd695"
          ],
          "pending": [],
          "skipped": [],
          "duration": 5299,
          "root": false,
          "rootEmpty": false,
          "_timeout": 2000
        }
      ],
      "passes": [],
      "failures": [],
      "pending": [],
      "skipped": [],
      "duration": 0,
      "root": true,
      "rootEmpty": true,
      "_timeout": 2000
    }
  ],
  "meta": {
    "mocha": {
      "version": "7.0.1"
    },
    "mochawesome": {
      "options": {
        "quiet": false,
        "reportFilename": "mochawesome.html",
        "saveHtml": true,
        "saveJson": true,
        "consoleReporter": "spec",
        "useInlineDiffs": false,
        "code": true
      },
      "version": "7.1.3"
    },
    "marge": {
      "options": {
        "reportDir": "cypress/reports/mochawesome-report",
        "reportFilename": "mochawesome.html",
        "overwrite": false,
        "html": true,
        "jsonFile": false,
        "timestamp": "mmddyyyy_HHMMss"
      },
      "version": "6.2.0"
    }
  }
}